<?xml version="1.0" encoding="UTF-8"?>
<testsuites name="jest tests" tests="2" failures="0" errors="0" time="0.454">
  <testsuite name="PatientContext" errors="0" failures="0" skipped="0" timestamp="2024-11-15T23:00:06" time="0.282" tests="2">
    <testcase classname="PatientContext provides the correct context values" name="PatientContext provides the correct context values" time="0.016">
    </testcase>
    <testcase classname="PatientContext throws an error when usePatient is used outside of a PatientProvider" name="PatientContext throws an error when usePatient is used outside of a PatientProvider" time="0.013">
    </testcase>
  </testsuite>
</testsuites>